Copyright 1986-2018 Xilinx, Inc. All Rights Reserved.
-------------------------------------------------------------------------------------------------------------------------------------------------------
| Tool Version     : Vivado v.2018.3 (win64) Build 2405991 Thu Dec  6 23:38:27 MST 2018
| Date             : Fri Jul 31 11:28:15 2020
| Host             : surface running 64-bit major release  (build 9200)
| Command          : report_power -file Camera_Demo_power_routed.rpt -pb Camera_Demo_power_summary_routed.pb -rpx Camera_Demo_power_routed.rpx
| Design           : Camera_Demo
| Device           : xc7s15ftgb196-1
| Design State     : routed
| Grade            : commercial
| Process          : typical
| Characterization : Production
-------------------------------------------------------------------------------------------------------------------------------------------------------

Power Report

Table of Contents
-----------------
1. Summary
1.1 On-Chip Components
1.2 Power Supply Summary
1.3 Confidence Level
2. Settings
2.1 Environment
2.2 Clock Constraints
3. Detailed Reports
3.1 By Hierarchy

1. Summary
----------

+--------------------------+--------------+
| Total On-Chip Power (W)  | 0.626        |
| Design Power Budget (W)  | Unspecified* |
| Power Budget Margin (W)  | NA           |
| Dynamic (W)              | 0.606        |
| Device Static (W)        | 0.021        |
| Effective TJA (C/W)      | 3.4          |
| Max Ambient (C)          | 82.9         |
| Junction Temperature (C) | 27.1         |
| Confidence Level         | Low          |
| Setting File             | ---          |
| Simulation Activity File | ---          |
| Design Nets Matched      | NA           |
+--------------------------+--------------+
* Specify Design Power Budget using, set_operating_conditions -design_power_budget <value in Watts>


1.1 On-Chip Components
----------------------

+-------------------------+-----------+----------+-----------+-----------------+
| On-Chip                 | Power (W) | Used     | Available | Utilization (%) |
+-------------------------+-----------+----------+-----------+-----------------+
| Clocks                  |     0.016 |       18 |       --- |             --- |
| Slice Logic             |     0.013 |     5740 |       --- |             --- |
|   LUT as Logic          |     0.011 |     3063 |      8000 |           38.29 |
|   CARRY4                |    <0.001 |      479 |      2000 |           23.95 |
|   Register              |    <0.001 |     1287 |     16000 |            8.04 |
|   LUT as Shift Register |    <0.001 |       21 |      2400 |            0.88 |
|   F7/F8 Muxes           |    <0.001 |       20 |      8000 |            0.25 |
|   Others                |     0.000 |      100 |       --- |             --- |
| Signals                 |     0.014 |     4673 |       --- |             --- |
| Block RAM               |     0.006 |        7 |        10 |           70.00 |
| MMCM                    |     0.187 |        2 |         2 |          100.00 |
| PLL                     |     0.205 |        2 |         2 |          100.00 |
| DSPs                    |     0.001 |        4 |        20 |           20.00 |
| I/O                     |     0.163 |       24 |       100 |           24.00 |
| Static Power            |     0.021 |          |           |                 |
| Total                   |     0.626 |          |           |                 |
+-------------------------+-----------+----------+-----------+-----------------+


1.2 Power Supply Summary
------------------------

+-----------+-------------+-----------+-------------+------------+
| Source    | Voltage (V) | Total (A) | Dynamic (A) | Static (A) |
+-----------+-------------+-----------+-------------+------------+
| Vccint    |       1.000 |     0.079 |       0.075 |      0.004 |
| Vccaux    |       1.800 |     0.224 |       0.217 |      0.007 |
| Vcco33    |       3.300 |     0.043 |       0.042 |      0.001 |
| Vcco25    |       2.500 |     0.000 |       0.000 |      0.000 |
| Vcco18    |       1.800 |     0.000 |       0.000 |      0.000 |
| Vcco15    |       1.500 |     0.000 |       0.000 |      0.000 |
| Vcco135   |       1.350 |     0.000 |       0.000 |      0.000 |
| Vcco12    |       1.200 |     0.000 |       0.000 |      0.000 |
| Vccaux_io |       1.800 |     0.000 |       0.000 |      0.000 |
| Vccbram   |       1.000 |     0.001 |       0.000 |      0.000 |
| Vccadc    |       1.800 |     0.000 |       0.000 |      0.000 |
+-----------+-------------+-----------+-------------+------------+


1.3 Confidence Level
--------------------

+-----------------------------+------------+--------------------------------------------------------+------------------------------------------------------------------------------------------------------------+
| User Input Data             | Confidence | Details                                                | Action                                                                                                     |
+-----------------------------+------------+--------------------------------------------------------+------------------------------------------------------------------------------------------------------------+
| Design implementation state | High       | Design is routed                                       |                                                                                                            |
| Clock nodes activity        | High       | User specified more than 95% of clocks                 |                                                                                                            |
| I/O nodes activity          | Low        | More than 75% of inputs are missing user specification | Provide missing input activity with simulation results or by editing the "By Resource Type -> I/Os" view   |
| Internal nodes activity     | Medium     | User specified less than 25% of internal nodes         | Provide missing internal nodes activity with simulation results or by editing the "By Resource Type" views |
| Device models               | High       | Device models are Production                           |                                                                                                            |
|                             |            |                                                        |                                                                                                            |
| Overall confidence level    | Low        |                                                        |                                                                                                            |
+-----------------------------+------------+--------------------------------------------------------+------------------------------------------------------------------------------------------------------------+


2. Settings
-----------

2.1 Environment
---------------

+-----------------------+--------------------------+
| Ambient Temp (C)      | 25.0                     |
| ThetaJA (C/W)         | 3.4                      |
| Airflow (LFM)         | 250                      |
| Heat Sink             | medium (Medium Profile)  |
| ThetaSA (C/W)         | 15.4                     |
| Board Selection       | medium (10"x10")         |
| # of Board Layers     | 12to15 (12 to 15 Layers) |
| Board Temperature (C) | 25.0                     |
+-----------------------+--------------------------+


2.2 Clock Constraints
---------------------

+----------------------+-------------------------------------------------------------------+-----------------+
| Clock                | Domain                                                            | Constraint (ns) |
+----------------------+-------------------------------------------------------------------+-----------------+
| CLKFBIN              | Mini_HDMI_Driver/U0/ClockGenInternal.ClockGenX/CLKFBIN            |            10.0 |
| PixelClkIO           | Mini_HDMI_Driver/U0/ClockGenInternal.ClockGenX/PixelClk           |            10.0 |
| SerialClkIO          | Mini_HDMI_Driver/U0/ClockGenInternal.ClockGenX/SerialClk          |             2.0 |
| clk_10MHz_clk_wiz_0  | RGB_LED/inst/clk_10/inst/clk_10MHz_clk_wiz_0                      |           100.0 |
| clk_out1_clk_wiz_0   | scancolor1/clk_10/inst/clk_out1_clk_wiz_0                         |            10.0 |
| clk_out1_clk_wiz_1   | scancolor1/MIPI_Trans_Driver/camera_clock/inst/clk_out1_clk_wiz_1 |            10.0 |
| clk_out2_clk_wiz_0   | scancolor1/clk_10/inst/clk_out2_clk_wiz_0                         |             5.0 |
| clkfbout_clk_wiz_0   | scancolor1/clk_10/inst/clkfbout_clk_wiz_0                         |            10.0 |
| clkfbout_clk_wiz_0_1 | RGB_LED/inst/clk_10/inst/clkfbout_clk_wiz_0                       |            50.0 |
| clkfbout_clk_wiz_1   | scancolor1/MIPI_Trans_Driver/camera_clock/inst/clkfbout_clk_wiz_1 |            10.0 |
| dphy_hs_clock_p      | i_clk_rx_data_p                                                   |             4.8 |
| pclk                 | scancolor1/MIPI_Trans_Driver/Data_Read/U0/clock_system_inst/CLK   |            19.0 |
| pclk                 | scancolor1/MIPI_Trans_Driver/Data_Read/U0/clock_system_inst/pclk  |            19.0 |
| sys_clk_pin          | i_clk                                                             |            10.0 |
| sys_clk_pin          | i_clk_IBUF                                                        |            10.0 |
+----------------------+-------------------------------------------------------------------+-----------------+


3. Detailed Reports
-------------------

3.1 By Hierarchy
----------------

+--------------------------------------+-----------+
| Name                                 | Power (W) |
+--------------------------------------+-----------+
| Camera_Demo                          |     0.606 |
|   Mini_HDMI_Driver                   |     0.257 |
|     U0                               |     0.257 |
|       ClockGenInternal.ClockGenX     |     0.108 |
|       ClockSerializer                |     0.034 |
|       DataEncoders[0].DataEncoder    |     0.002 |
|       DataEncoders[0].DataSerializer |     0.037 |
|       DataEncoders[1].DataEncoder    |     0.001 |
|       DataEncoders[1].DataSerializer |     0.037 |
|       DataEncoders[2].DataEncoder    |     0.001 |
|       DataEncoders[2].DataSerializer |     0.037 |
|   RGB_LED                            |     0.098 |
|     inst                             |     0.098 |
|       clk_10                         |     0.097 |
|   scancolor1                         |     0.238 |
|     MIPI_Camera_Driver               |     0.001 |
|     MIPI_Trans_Driver                |     0.114 |
|       Data_Read                      |     0.022 |
|       Data_To_Csi                    |     0.001 |
|       Driver_Bayer_To_RGB0           |     0.008 |
|       Driver_Csi_To_Dvp0             |     0.002 |
|       camera_clock                   |     0.081 |
|     clk_10                           |     0.107 |
|       inst                           |     0.107 |
|     ga1                              |     0.014 |
|   vg                                 |     0.004 |
|     pic_1_ROM                        |     0.001 |
|       U0                             |     0.001 |
|     pic_2_rom                        |     0.001 |
|       U0                             |     0.001 |
+--------------------------------------+-----------+


