#-----------------------------------------------------------
# Vivado v2018.3 (64-bit)
# SW Build 2405991 on Thu Dec  6 23:38:27 MST 2018
# IP Build 2404404 on Fri Dec  7 01:43:56 MST 2018
# Start of session at: Thu Jul 30 22:33:57 2020
# Process ID: 13264
# Current directory: C:/Users/94305/Desktop/project7_30
# Command line: vivado.exe -gui_launcher_event rodinguilauncherevent13512 C:\Users\94305\Desktop\project7_30\seaColorScan.xpr
# Log file: C:/Users/94305/Desktop/project7_30/vivado.log
# Journal file: C:/Users/94305/Desktop/project7_30\vivado.jou
#-----------------------------------------------------------
start_gui
open_project C:/Users/94305/Desktop/project7_30/seaColorScan.xpr
CRITICAL WARNING: [Project 1-19] Could not find the file 'E:/FPGA-Demo-Project/Camera_Demo/tcl/Elimate_Constraints_Error.tcl'.
Scanning sources...
Finished scanning sources
INFO: [IP_Flow 19-234] Refreshing IP repositories
INFO: [IP_Flow 19-1700] Loaded user IP repository 'c:/Users/94305/Desktop/prototype1/IP_Core'.
INFO: [IP_Flow 19-2313] Loaded Vivado IP repository 'C:/Xilinx/Vivado/2018.3/data/ip'.
open_project: Time (s): cpu = 00:00:43 ; elapsed = 00:00:20 . Memory (MB): peak = 754.465 ; gain = 157.332
update_compile_order -fileset sources_1
close [ open C:/Users/94305/Desktop/project7_30/seaColorScan.srcs/sources_1/new/video_generator.v w ]
add_files C:/Users/94305/Desktop/project7_30/seaColorScan.srcs/sources_1/new/video_generator.v
update_compile_order -fileset sources_1
close [ open C:/Users/94305/Desktop/project7_30/seaColorScan.srcs/sources_1/new/killjitter.v w ]
add_files C:/Users/94305/Desktop/project7_30/seaColorScan.srcs/sources_1/new/killjitter.v
update_compile_order -fileset sources_1
INFO: [Device 21-403] Loading part xc7s15ftgb196-1
WARNING: [IP_Flow 19-4067] Ignoring invalid widget type specified checkbox.Providing a default widget
WARNING: [IP_Flow 19-4067] Ignoring invalid widget type specified checkbox.Providing a default widget
WARNING: [IP_Flow 19-4067] Ignoring invalid widget type specified checkbox.Providing a default widget
WARNING: [IP_Flow 19-4067] Ignoring invalid widget type specified checkbox.Providing a default widget
WARNING: [IP_Flow 19-4067] Ignoring invalid widget type specified checkbox.Providing a default widget
WARNING: [IP_Flow 19-4067] Ignoring invalid widget type specified checkbox.Providing a default widget
INFO: [IP_Flow 19-3484] Absolute path of file 'c:/Users/94305/Desktop/project7_30/pic_1_Rom.coe' provided. It will be converted relative to IP Instance files '../../../../pic_1_Rom.coe'
create_ip -name blk_mem_gen -vendor xilinx.com -library ip -version 8.4 -module_name blk_mem_gen_0 -dir c:/Users/94305/Desktop/project7_30/seaColorScan.srcs/sources_1/ip
set_property -dict [list CONFIG.Memory_Type {Single_Port_ROM} CONFIG.Write_Width_A {8} CONFIG.Write_Depth_A {10000} CONFIG.Read_Width_A {8} CONFIG.Write_Width_B {8} CONFIG.Read_Width_B {8} CONFIG.Load_Init_File {true} CONFIG.Coe_File {C:/Users/94305/Desktop/project7_30/pic_1_Rom.coe} CONFIG.Port_A_Write_Rate {0}] [get_ips blk_mem_gen_0]
INFO: [IP_Flow 19-3484] Absolute path of file 'c:/Users/94305/Desktop/project7_30/pic_1_Rom.coe' provided. It will be converted relative to IP Instance files '../../../../pic_1_Rom.coe'
generate_target {instantiation_template} [get_files c:/Users/94305/Desktop/project7_30/seaColorScan.srcs/sources_1/ip/blk_mem_gen_0/blk_mem_gen_0.xci]
INFO: [IP_Flow 19-1686] Generating 'Instantiation Template' target for IP 'blk_mem_gen_0'...
update_compile_order -fileset sources_1
generate_target all [get_files  c:/Users/94305/Desktop/project7_30/seaColorScan.srcs/sources_1/ip/blk_mem_gen_0/blk_mem_gen_0.xci]
INFO: [IP_Flow 19-1686] Generating 'Synthesis' target for IP 'blk_mem_gen_0'...
INFO: [IP_Flow 19-1686] Generating 'Simulation' target for IP 'blk_mem_gen_0'...
INFO: [IP_Flow 19-1686] Generating 'Miscellaneous' target for IP 'blk_mem_gen_0'...
INFO: [IP_Flow 19-1686] Generating 'Change Log' target for IP 'blk_mem_gen_0'...
generate_target: Time (s): cpu = 00:00:19 ; elapsed = 00:00:19 . Memory (MB): peak = 1307.762 ; gain = 0.000
catch { config_ip_cache -export [get_ips -all blk_mem_gen_0] }
export_ip_user_files -of_objects [get_files c:/Users/94305/Desktop/project7_30/seaColorScan.srcs/sources_1/ip/blk_mem_gen_0/blk_mem_gen_0.xci] -no_script -sync -force -quiet
create_ip_run [get_files -of_objects [get_fileset sources_1] c:/Users/94305/Desktop/project7_30/seaColorScan.srcs/sources_1/ip/blk_mem_gen_0/blk_mem_gen_0.xci]
launch_runs -jobs 4 blk_mem_gen_0_synth_1
[Thu Jul 30 22:59:28 2020] Launched blk_mem_gen_0_synth_1...
Run output will be captured here: C:/Users/94305/Desktop/project7_30/seaColorScan.runs/blk_mem_gen_0_synth_1/runme.log
export_simulation -of_objects [get_files c:/Users/94305/Desktop/project7_30/seaColorScan.srcs/sources_1/ip/blk_mem_gen_0/blk_mem_gen_0.xci] -directory C:/Users/94305/Desktop/project7_30/seaColorScan.ip_user_files/sim_scripts -ip_user_files_dir C:/Users/94305/Desktop/project7_30/seaColorScan.ip_user_files -ipstatic_source_dir C:/Users/94305/Desktop/project7_30/seaColorScan.ip_user_files/ipstatic -lib_map_path [list {modelsim=C:/Users/94305/Desktop/project7_30/seaColorScan.cache/compile_simlib/modelsim} {questa=C:/Users/94305/Desktop/project7_30/seaColorScan.cache/compile_simlib/questa} {riviera=C:/Users/94305/Desktop/project7_30/seaColorScan.cache/compile_simlib/riviera} {activehdl=C:/Users/94305/Desktop/project7_30/seaColorScan.cache/compile_simlib/activehdl}] -use_ip_compiled_libs -force -quiet
WARNING: [IP_Flow 19-4067] Ignoring invalid widget type specified checkbox.Providing a default widget
WARNING: [IP_Flow 19-4067] Ignoring invalid widget type specified checkbox.Providing a default widget
INFO: [IP_Flow 19-3484] Absolute path of file 'c:/Users/94305/Desktop/project7_30/pic_2_Rom.coe' provided. It will be converted relative to IP Instance files '../../../../pic_2_Rom.coe'
create_ip -name blk_mem_gen -vendor xilinx.com -library ip -version 8.4 -module_name blk_mem_gen_1 -dir c:/Users/94305/Desktop/project7_30/seaColorScan.srcs/sources_1/ip
set_property -dict [list CONFIG.Memory_Type {Single_Port_ROM} CONFIG.Write_Width_A {8} CONFIG.Write_Depth_A {10000} CONFIG.Read_Width_A {8} CONFIG.Write_Width_B {8} CONFIG.Read_Width_B {8} CONFIG.Load_Init_File {true} CONFIG.Coe_File {C:/Users/94305/Desktop/project7_30/pic_2_Rom.coe} CONFIG.Port_A_Write_Rate {0}] [get_ips blk_mem_gen_1]
INFO: [IP_Flow 19-3484] Absolute path of file 'c:/Users/94305/Desktop/project7_30/pic_2_Rom.coe' provided. It will be converted relative to IP Instance files '../../../../pic_2_Rom.coe'
generate_target {instantiation_template} [get_files c:/Users/94305/Desktop/project7_30/seaColorScan.srcs/sources_1/ip/blk_mem_gen_1/blk_mem_gen_1.xci]
INFO: [IP_Flow 19-1686] Generating 'Instantiation Template' target for IP 'blk_mem_gen_1'...
generate_target all [get_files  c:/Users/94305/Desktop/project7_30/seaColorScan.srcs/sources_1/ip/blk_mem_gen_1/blk_mem_gen_1.xci]
INFO: [IP_Flow 19-1686] Generating 'Synthesis' target for IP 'blk_mem_gen_1'...
INFO: [IP_Flow 19-1686] Generating 'Simulation' target for IP 'blk_mem_gen_1'...
INFO: [IP_Flow 19-1686] Generating 'Miscellaneous' target for IP 'blk_mem_gen_1'...
INFO: [IP_Flow 19-1686] Generating 'Change Log' target for IP 'blk_mem_gen_1'...
generate_target: Time (s): cpu = 00:00:22 ; elapsed = 00:00:23 . Memory (MB): peak = 1307.762 ; gain = 0.000
catch { config_ip_cache -export [get_ips -all blk_mem_gen_1] }
export_ip_user_files -of_objects [get_files c:/Users/94305/Desktop/project7_30/seaColorScan.srcs/sources_1/ip/blk_mem_gen_1/blk_mem_gen_1.xci] -no_script -sync -force -quiet
create_ip_run [get_files -of_objects [get_fileset sources_1] c:/Users/94305/Desktop/project7_30/seaColorScan.srcs/sources_1/ip/blk_mem_gen_1/blk_mem_gen_1.xci]
launch_runs -jobs 4 blk_mem_gen_1_synth_1
[Thu Jul 30 23:02:17 2020] Launched blk_mem_gen_1_synth_1...
Run output will be captured here: C:/Users/94305/Desktop/project7_30/seaColorScan.runs/blk_mem_gen_1_synth_1/runme.log
export_simulation -of_objects [get_files c:/Users/94305/Desktop/project7_30/seaColorScan.srcs/sources_1/ip/blk_mem_gen_1/blk_mem_gen_1.xci] -directory C:/Users/94305/Desktop/project7_30/seaColorScan.ip_user_files/sim_scripts -ip_user_files_dir C:/Users/94305/Desktop/project7_30/seaColorScan.ip_user_files -ipstatic_source_dir C:/Users/94305/Desktop/project7_30/seaColorScan.ip_user_files/ipstatic -lib_map_path [list {modelsim=C:/Users/94305/Desktop/project7_30/seaColorScan.cache/compile_simlib/modelsim} {questa=C:/Users/94305/Desktop/project7_30/seaColorScan.cache/compile_simlib/questa} {riviera=C:/Users/94305/Desktop/project7_30/seaColorScan.cache/compile_simlib/riviera} {activehdl=C:/Users/94305/Desktop/project7_30/seaColorScan.cache/compile_simlib/activehdl}] -use_ip_compiled_libs -force -quiet
set_property  ip_repo_paths  {c:/Users/94305/Desktop/prototype1/IP_Core C:/Users/94305/Desktop/LED_Demo} [current_project]
update_ip_catalog
INFO: [IP_Flow 19-234] Refreshing IP repositories
INFO: [IP_Flow 19-1700] Loaded user IP repository 'c:/Users/94305/Desktop/prototype1/IP_Core'.
INFO: [IP_Flow 19-1700] Loaded user IP repository 'c:/Users/94305/Desktop/LED_Demo'.
update_ip_catalog: Time (s): cpu = 00:00:14 ; elapsed = 00:00:06 . Memory (MB): peak = 1307.762 ; gain = 0.000
create_ip -name LED_Demo -vendor xilinx.com -library user -version 1.0 -module_name LED_Demo_0 -dir c:/Users/94305/Desktop/project7_30/seaColorScan.srcs/sources_1/ip
generate_target {instantiation_template} [get_files c:/Users/94305/Desktop/project7_30/seaColorScan.srcs/sources_1/ip/LED_Demo_0/LED_Demo_0.xci]
INFO: [IP_Flow 19-1686] Generating 'Instantiation Template' target for IP 'LED_Demo_0'...
generate_target all [get_files  c:/Users/94305/Desktop/project7_30/seaColorScan.srcs/sources_1/ip/LED_Demo_0/LED_Demo_0.xci]
INFO: [IP_Flow 19-1686] Generating 'Synthesis' target for IP 'LED_Demo_0'...
INFO: [IP_Flow 19-1686] Generating 'Simulation' target for IP 'LED_Demo_0'...
INFO: [IP_Flow 19-1686] Generating 'Implementation' target for IP 'LED_Demo_0'...
INFO: [IP_Flow 19-1686] Generating 'Test Bench' target for IP 'LED_Demo_0'...
catch { config_ip_cache -export [get_ips -all LED_Demo_0] }
export_ip_user_files -of_objects [get_files c:/Users/94305/Desktop/project7_30/seaColorScan.srcs/sources_1/ip/LED_Demo_0/LED_Demo_0.xci] -no_script -sync -force -quiet
create_ip_run [get_files -of_objects [get_fileset sources_1] c:/Users/94305/Desktop/project7_30/seaColorScan.srcs/sources_1/ip/LED_Demo_0/LED_Demo_0.xci]
launch_runs -jobs 4 LED_Demo_0_synth_1
[Thu Jul 30 23:07:30 2020] Launched LED_Demo_0_synth_1...
Run output will be captured here: C:/Users/94305/Desktop/project7_30/seaColorScan.runs/LED_Demo_0_synth_1/runme.log
export_simulation -of_objects [get_files c:/Users/94305/Desktop/project7_30/seaColorScan.srcs/sources_1/ip/LED_Demo_0/LED_Demo_0.xci] -directory C:/Users/94305/Desktop/project7_30/seaColorScan.ip_user_files/sim_scripts -ip_user_files_dir C:/Users/94305/Desktop/project7_30/seaColorScan.ip_user_files -ipstatic_source_dir C:/Users/94305/Desktop/project7_30/seaColorScan.ip_user_files/ipstatic -lib_map_path [list {modelsim=C:/Users/94305/Desktop/project7_30/seaColorScan.cache/compile_simlib/modelsim} {questa=C:/Users/94305/Desktop/project7_30/seaColorScan.cache/compile_simlib/questa} {riviera=C:/Users/94305/Desktop/project7_30/seaColorScan.cache/compile_simlib/riviera} {activehdl=C:/Users/94305/Desktop/project7_30/seaColorScan.cache/compile_simlib/activehdl}] -use_ip_compiled_libs -force -quiet
close [ open C:/Users/94305/Desktop/project7_30/seaColorScan.srcs/sources_1/new/driver_hdmi_video.v w ]
add_files C:/Users/94305/Desktop/project7_30/seaColorScan.srcs/sources_1/new/driver_hdmi_video.v
update_compile_order -fileset sources_1
reset_run synth_1
launch_runs synth_1 -jobs 4
CRITICAL WARNING: [HDL 9-806] Syntax error near "output". [C:/Users/94305/Desktop/project7_30/seaColorScan.srcs/sources_1/new/scanColor.v:46]
[Fri Jul 31 00:58:27 2020] Launched synth_1...
Run output will be captured here: C:/Users/94305/Desktop/project7_30/seaColorScan.runs/synth_1/runme.log
launch_runs: Time (s): cpu = 00:00:03 ; elapsed = 00:00:05 . Memory (MB): peak = 1788.664 ; gain = 0.000
reset_run synth_1
launch_runs synth_1 -jobs 4
[Fri Jul 31 01:00:10 2020] Launched synth_1...
Run output will be captured here: C:/Users/94305/Desktop/project7_30/seaColorScan.runs/synth_1/runme.log
launch_runs impl_1 -jobs 4
[Fri Jul 31 01:02:56 2020] Launched impl_1...
Run output will be captured here: C:/Users/94305/Desktop/project7_30/seaColorScan.runs/impl_1/runme.log
reset_run synth_1
launch_runs synth_1 -jobs 4
[Fri Jul 31 01:08:55 2020] Launched synth_1...
Run output will be captured here: C:/Users/94305/Desktop/project7_30/seaColorScan.runs/synth_1/runme.log
reset_run synth_1
launch_runs synth_1 -jobs 4
[Fri Jul 31 01:09:57 2020] Launched synth_1...
Run output will be captured here: C:/Users/94305/Desktop/project7_30/seaColorScan.runs/synth_1/runme.log
launch_runs impl_1 -jobs 4
[Fri Jul 31 01:11:52 2020] Launched impl_1...
Run output will be captured here: C:/Users/94305/Desktop/project7_30/seaColorScan.runs/impl_1/runme.log
launch_runs impl_1 -to_step write_bitstream -jobs 4
[Fri Jul 31 01:14:41 2020] Launched impl_1...
Run output will be captured here: C:/Users/94305/Desktop/project7_30/seaColorScan.runs/impl_1/runme.log
reset_run synth_1
launch_runs synth_1 -jobs 4
[Fri Jul 31 01:20:04 2020] Launched synth_1...
Run output will be captured here: C:/Users/94305/Desktop/project7_30/seaColorScan.runs/synth_1/runme.log
launch_runs impl_1 -jobs 4
[Fri Jul 31 01:21:59 2020] Launched impl_1...
Run output will be captured here: C:/Users/94305/Desktop/project7_30/seaColorScan.runs/impl_1/runme.log
launch_runs impl_1 -to_step write_bitstream -jobs 4
[Fri Jul 31 01:24:54 2020] Launched impl_1...
Run output will be captured here: C:/Users/94305/Desktop/project7_30/seaColorScan.runs/impl_1/runme.log
reset_run synth_1
launch_runs synth_1 -jobs 4
[Fri Jul 31 01:29:12 2020] Launched synth_1...
Run output will be captured here: C:/Users/94305/Desktop/project7_30/seaColorScan.runs/synth_1/runme.log
launch_runs impl_1 -jobs 4
[Fri Jul 31 01:31:16 2020] Launched impl_1...
Run output will be captured here: C:/Users/94305/Desktop/project7_30/seaColorScan.runs/impl_1/runme.log
launch_runs impl_1 -to_step write_bitstream -jobs 4
[Fri Jul 31 01:34:44 2020] Launched impl_1...
Run output will be captured here: C:/Users/94305/Desktop/project7_30/seaColorScan.runs/impl_1/runme.log
exit
INFO: [Common 17-206] Exiting Vivado at Fri Jul 31 01:36:33 2020...
