#-----------------------------------------------------------
# Vivado v2018.3 (64-bit)
# SW Build 2405991 on Thu Dec  6 23:38:27 MST 2018
# IP Build 2404404 on Fri Dec  7 01:43:56 MST 2018
# Start of session at: Wed Jul 29 19:07:54 2020
# Process ID: 11292
# Current directory: D:/xilinx/seaColorScan
# Command line: vivado.exe -gui_launcher_event rodinguilauncherevent5272 D:\xilinx\seaColorScan\seaColorScan.xpr
# Log file: D:/xilinx/seaColorScan/vivado.log
# Journal file: D:/xilinx/seaColorScan\vivado.jou
#-----------------------------------------------------------
start_gui
open_project D:/xilinx/seaColorScan/seaColorScan.xpr
CRITICAL WARNING: [Project 1-19] Could not find the file 'E:/FPGA-Demo-Project/Camera_Demo/tcl/Elimate_Constraints_Error.tcl'.
Scanning sources...
Finished scanning sources
INFO: [IP_Flow 19-234] Refreshing IP repositories
INFO: [IP_Flow 19-1700] Loaded user IP repository 'd:/xilinx/prototype1/IP_Core'.
INFO: [IP_Flow 19-2313] Loaded Vivado IP repository 'C:/Xilinx/Vivado/2018.3/data/ip'.
open_project: Time (s): cpu = 00:00:27 ; elapsed = 00:00:11 . Memory (MB): peak = 753.570 ; gain = 144.531
update_compile_order -fileset sources_1
exit
INFO: [Common 17-206] Exiting Vivado at Wed Jul 29 19:16:24 2020...
