#-----------------------------------------------------------
# Vivado v2018.3 (64-bit)
# SW Build 2405991 on Thu Dec  6 23:38:27 MST 2018
# IP Build 2404404 on Fri Dec  7 01:43:56 MST 2018
# Start of session at: Fri Jul 31 14:38:59 2020
# Process ID: 13876
# Current directory: C:/Users/94305/Desktop/project7_30
# Command line: vivado.exe -gui_launcher_event rodinguilauncherevent12148 C:\Users\94305\Desktop\project7_30\seaColorScan.xpr
# Log file: C:/Users/94305/Desktop/project7_30/vivado.log
# Journal file: C:/Users/94305/Desktop/project7_30\vivado.jou
#-----------------------------------------------------------
start_gui
open_project C:/Users/94305/Desktop/project7_30/seaColorScan.xpr
CRITICAL WARNING: [Project 1-19] Could not find the file 'E:/FPGA-Demo-Project/Camera_Demo/tcl/Elimate_Constraints_Error.tcl'.
Scanning sources...
Finished scanning sources
INFO: [IP_Flow 19-234] Refreshing IP repositories
INFO: [IP_Flow 19-1700] Loaded user IP repository 'c:/Users/94305/Desktop/prototype1/IP_Core'.
INFO: [IP_Flow 19-1700] Loaded user IP repository 'c:/Users/94305/Desktop/LED_Demo'.
INFO: [IP_Flow 19-2313] Loaded Vivado IP repository 'C:/Xilinx/Vivado/2018.3/data/ip'.
open_project: Time (s): cpu = 00:00:53 ; elapsed = 00:00:32 . Memory (MB): peak = 746.813 ; gain = 155.305
update_compile_order -fileset sources_exit
INFO: [Common 17-206] Exiting Vivado at Fri Jul 31 15:26:28 2020...
[current_project]
update_ip_catalog
INFO: [IP_Flow 19-234] Refreshing IP repositories
INFO: [IP_Flow 19-1700] Loaded user IP repository 'c:/Users/94305/Desktop/prototype1/IP_Core'.
set_property  ip_repo_paths  {c:/Users/94305/Desktop/prototype1/IP_Core C:/Users/94305/Desktop/project7_30/LED_DEMO_IP} [current_project]
update_ip_catalog
INFO: [IP_Flow 19-234] Refreshing IP repositories
INFO: [IP_Flow 19-1700] Loaded user IP repository 'c:/Users/94305/Desktop/prototype1/IP_Core'.
INFO: [IP_Flow 19-1700] Loaded user IP repository 'c:/Users/94305/Desktop/project7_30/LED_DEMO_IP'.
export_ip_user_files -of_objects  [get_files C:/Users/94305/Desktop/project7_30/seaColorScan.srcs/sources_1/ip/LED_Demo_0/LED_Demo_0.xci] -no_script -reset -force -quiet
remove_files  -fileset LED_Demo_0 C:/Users/94305/Desktop/project7_30/seaColorScan.srcs/sources_1/ip/LED_Demo_0/LED_Demo_0.xci
WARNING: [Vivado 12-1017] Problems encountered:
1. Failed to delete one or more files in run directory C:/Users/94305/Desktop/project7_30/seaColorScan.runs/LED_Demo_0_synth_1

INFO: [Project 1-386] Moving file 'C:/Users/94305/Desktop/project7_30/seaColorScan.srcs/sources_1/ip/LED_Demo_0/LED_Demo_0.xci' from fileset 'LED_Demo_0' to fileset 'sources_1'.
delete_ip_run: Time (s): cpu = 00:00:12 ; elapsed = 00:00:07 . Memory (MB): peak = 1565.238 ; gain = 0.000
remove_files: Time (s): cpu = 00:00:19 ; elapsed = 00:00:11 . Memory (MB): peak = 1565.238 ; gain = 0.000
create_ip -name LED_Demo -vendor xilinx.com -library user -version 1.0 -module_name LED_Demo_0 -dir c:/Users/94305/Desktop/project7_30/seaColorScan.srcs/sources_1/ip
generate_target {instantiation_template} [get_files c:/Users/94305/Desktop/project7_30/seaColorScan.srcs/sources_1/ip/LED_Demo_0_1/LED_Demo_0.xci]
INFO: [IP_Flow 19-1686] Generating 'Instantiation Template' target for IP 'LED_Demo_0'...
generate_target all [get_files  c:/Users/94305/Desktop/project7_30/seaColorScan.srcs/sources_1/ip/LED_Demo_0_1/LED_Demo_0.xci]
INFO: [IP_Flow 19-1686] Generating 'Synthesis' target for IP 'LED_Demo_0'...
INFO: [IP_Flow 19-1686] Generating 'Simulation' target for IP 'LED_Demo_0'...
INFO: [IP_Flow 19-1686] Generating 'Implementation' target for IP 'LED_Demo_0'...
INFO: [IP_Flow 19-1686] Generating 'Test Bench' target for IP 'LED_Demo_0'...
generate_target: Time (s): cpu = 00:00:10 ; elapsed = 00:00:13 . Memory (MB): peak = 1565.238 ; gain = 0.000
catch { config_ip_cache -export [get_ips -all LED_Demo_0] }
INFO: [IP_Flow 19-4993] Using cached IP synthesis design for IP LED_Demo_0, cache-ID = 91b56a7f97363ebf; cache size = 0.574 MB.
export_ip_user_files -of_objects [get_files c:/Users/94305/Desktop/project7_30/seaColorScan.srcs/sources_1/ip/LED_Demo_0_1/LED_Demo_0.xci] -no_script -sync -force -quiet
create_ip_run [get_files -of_objects [get_fileset sources_1] c:/Users/94305/Desktop/project7_30/seaColorScan.srcs/sources_1/ip/LED_Demo_0_1/LED_Demo_0.xci]
INFO: [Vivado 12-3453] The given sub-design is up-to-date, no action was taken.  If a run is still desired, use the '-force' option for the file:'c:/Users/94305/Desktop/project7_30/seaColorScan.srcs/sources_1/ip/LED_Demo_0_1/LED_Demo_0.xci'
export_simulation -of_objects [get_files c:/Users/94305/Desktop/project7_30/seaColorScan.srcs/sources_1/ip/LED_Demo_0_1/LED_Demo_0.xci] -directory C:/Users/94305/Desktop/project7_30/seaColorScan.ip_user_files/sim_scripts -ip_user_files_dir C:/Users/94305/Desktop/project7_30/seaColorScan.ip_user_files -ipstatic_source_dir C:/Users/94305/Desktop/project7_30/seaColorScan.ip_user_files/ipstatic -lib_map_path [list {modelsim=C:/Users/94305/Desktop/project7_30/seaColorScan.cache/compile_simlib/modelsim} {questa=C:/Users/94305/Desktop/project7_30/seaColorScan.cache/compile_simlib/questa} {riviera=C:/Users/94305/Desktop/project7_30/seaColorScan.cache/compile_simlib/riviera} {activehdl=C:/Users/94305/Desktop/project7_30/seaColorScan.cache/compile_simlib/activehdl}] -use_ip_compiled_libs -force -quiet
update_compile_order -fileset sources_1
exit
INFO: [Common 17-206] Exiting Vivado at Fri Jul 31 15:26:35 2020...
